<?xml version="1.0" encoding="UTF-8"?>
<testng-results ignored="0" total="1" passed="1" failed="0" skipped="0">
  <reporter-output>
  </reporter-output>
  <suite started-at="2023-04-13T18:09:08 IST" name="Default suite" finished-at="2023-04-13T18:09:10 IST" duration-ms="1905">
    <groups>
    </groups>
    <test started-at="2023-04-13T18:09:08 IST" name="Default test" finished-at="2023-04-13T18:09:10 IST" duration-ms="1905">
      <class name="EndToEndTesting.AddProjcts">
        <test-method is-config="true" signature="bsConfig()[pri:0, instance:EndToEndTesting.AddProjcts@644baf4a]" started-at="2023-04-13T18:09:07 IST" name="bsConfig" finished-at="2023-04-13T18:09:08 IST" duration-ms="519" status="PASS">
          <reporter-output>
          </reporter-output>
        </test-method> <!-- bsConfig -->
        <test-method signature="addProject()[pri:0, instance:EndToEndTesting.AddProjcts@644baf4a]" started-at="2023-04-13T18:09:08 IST" name="addProject" finished-at="2023-04-13T18:09:10 IST" duration-ms="1845" status="PASS">
          <reporter-output>
          </reporter-output>
        </test-method> <!-- addProject -->
        <test-method is-config="true" signature="asConfig()[pri:0, instance:EndToEndTesting.AddProjcts@644baf4a]" started-at="2023-04-13T18:09:10 IST" name="asConfig" finished-at="2023-04-13T18:09:10 IST" duration-ms="0" status="PASS">
          <reporter-output>
          </reporter-output>
        </test-method> <!-- asConfig -->
      </class> <!-- EndToEndTesting.AddProjcts -->
    </test> <!-- Default test -->
  </suite> <!-- Default suite -->
</testng-results>
